/*C1*/SET SCHEMA SYSTEM_LOBS
INSERT INTO BLOCKS VALUES(0,2147483647,0)
COMMIT
/*C2*/SET SCHEMA PUBLIC
drop table if exists reservations cascade 
create table reservations (id integer generated by default as identity (start with 1), room_number integer not null, client_full_name varchar(255), reservation_dates varchar(255), primary key (id))
INSERT INTO RESERVATIONS VALUES(1,100,'Jose Said Olano Garcia','[[2024,6,14],[2024,6,15],[2024,6,16],[2024,6,17]]')
COMMIT
INSERT INTO RESERVATIONS VALUES(2,101,'John Smith','[[2024,6,14],[2024,7,15],[2024,7,16],[2024,7,17]]')
COMMIT
INSERT INTO RESERVATIONS VALUES(3,102,'Clark Kent','[[2024,6,14],[2024,6,18],[2025,1,19],[2026,1,20]]')
COMMIT
drop table if exists reservations cascade 
DISCONNECT
/*C3*/SET SCHEMA PUBLIC
DISCONNECT
/*C4*/SET SCHEMA PUBLIC
DISCONNECT
/*C5*/SET SCHEMA PUBLIC
DISCONNECT
/*C6*/SET SCHEMA PUBLIC
DISCONNECT
/*C7*/SET SCHEMA PUBLIC
DISCONNECT
/*C8*/SET SCHEMA PUBLIC
DISCONNECT
/*C9*/SET SCHEMA PUBLIC
DISCONNECT
/*C10*/SET SCHEMA PUBLIC
DISCONNECT
/*C11*/SET SCHEMA PUBLIC
DISCONNECT
