2024-06-15T22:34:45.933-06:00  INFO 55819 --- [OnlineMovieTicketBookingPlatform] [main] c.c.s.h.reservations.HotelApplication    : Starting HotelApplication using Java 21.0.3 with PID 55819 (/Users/josesaidolanogarcia/REPOSITORIOS/OnlineMovieTicketBookingPlatform/target/classes started by josesaidolanogarcia in /Users/josesaidolanogarcia/REPOSITORIOS/OnlineMovieTicketBookingPlatform)
2024-06-15T22:34:45.935-06:00  INFO 55819 --- [OnlineMovieTicketBookingPlatform] [main] c.c.s.h.reservations.HotelApplication    : No active profile set, falling back to 1 default profile: "default"
2024-06-15T22:34:46.670-06:00  INFO 55819 --- [OnlineMovieTicketBookingPlatform] [main] .s.d.r.c.RepositoryConfigurationDelegate : Bootstrapping Spring Data JPA repositories in DEFAULT mode.
2024-06-15T22:34:46.712-06:00  INFO 55819 --- [OnlineMovieTicketBookingPlatform] [main] .s.d.r.c.RepositoryConfigurationDelegate : Finished Spring Data repository scanning in 36 ms. Found 7 JPA repository interfaces.
2024-06-15T22:34:47.107-06:00  INFO 55819 --- [OnlineMovieTicketBookingPlatform] [main] o.s.b.w.embedded.tomcat.TomcatWebServer  : Tomcat initialized with port 8080 (http)
2024-06-15T22:34:47.115-06:00  INFO 55819 --- [OnlineMovieTicketBookingPlatform] [main] o.apache.catalina.core.StandardService   : Starting service [Tomcat]
2024-06-15T22:34:47.116-06:00  INFO 55819 --- [OnlineMovieTicketBookingPlatform] [main] o.apache.catalina.core.StandardEngine    : Starting Servlet engine: [Apache Tomcat/10.1.19]
2024-06-15T22:34:47.156-06:00  INFO 55819 --- [OnlineMovieTicketBookingPlatform] [main] o.a.c.c.C.[.[.[/publicissapient]         : Initializing Spring embedded WebApplicationContext
2024-06-15T22:34:47.157-06:00  INFO 55819 --- [OnlineMovieTicketBookingPlatform] [main] w.s.c.ServletWebServerApplicationContext : Root WebApplicationContext: initialization completed in 1177 ms
2024-06-15T22:34:47.221-06:00  INFO 55819 --- [OnlineMovieTicketBookingPlatform] [main] com.zaxxer.hikari.HikariDataSource       : HikariPool-1 - Starting...
2024-06-15T22:34:48.772-06:00  INFO 55819 --- [OnlineMovieTicketBookingPlatform] [main] com.zaxxer.hikari.pool.HikariPool        : HikariPool-1 - Added connection com.mysql.cj.jdbc.ConnectionImpl@2ca54da9
2024-06-15T22:34:48.775-06:00  INFO 55819 --- [OnlineMovieTicketBookingPlatform] [main] com.zaxxer.hikari.HikariDataSource       : HikariPool-1 - Start completed.
2024-06-15T22:34:48.841-06:00  INFO 55819 --- [OnlineMovieTicketBookingPlatform] [main] o.hibernate.jpa.internal.util.LogHelper  : HHH000204: Processing PersistenceUnitInfo [name: default]
2024-06-15T22:34:48.879-06:00  INFO 55819 --- [OnlineMovieTicketBookingPlatform] [main] org.hibernate.Version                    : HHH000412: Hibernate ORM core version 6.2.22.Final
2024-06-15T22:34:48.882-06:00  INFO 55819 --- [OnlineMovieTicketBookingPlatform] [main] org.hibernate.cfg.Environment            : HHH000406: Using bytecode reflection optimizer
2024-06-15T22:34:49.068-06:00  INFO 55819 --- [OnlineMovieTicketBookingPlatform] [main] o.s.o.j.p.SpringPersistenceUnitInfo      : No LoadTimeWeaver setup: ignoring JPA class transformer
2024-06-15T22:34:49.298-06:00  WARN 55819 --- [OnlineMovieTicketBookingPlatform] [main] org.hibernate.orm.deprecation            : HHH90000025: MySQLDialect does not need to be specified explicitly using 'hibernate.dialect' (remove the property setting and it will be selected by default)
2024-06-15T22:34:49.937-06:00  INFO 55819 --- [OnlineMovieTicketBookingPlatform] [main] o.h.e.t.j.p.i.JtaPlatformInitiator       : HHH000489: No JTA platform available (set 'hibernate.transaction.jta.platform' to enable JTA platform integration)
2024-06-15T22:34:50.254-06:00  INFO 55819 --- [OnlineMovieTicketBookingPlatform] [main] j.LocalContainerEntityManagerFactoryBean : Initialized JPA EntityManagerFactory for persistence unit 'default'
2024-06-15T22:34:50.540-06:00  WARN 55819 --- [OnlineMovieTicketBookingPlatform] [main] JpaBaseConfiguration$JpaWebConfiguration : spring.jpa.open-in-view is enabled by default. Therefore, database queries may be performed during view rendering. Explicitly configure spring.jpa.open-in-view to disable this warning
2024-06-15T22:34:51.493-06:00  INFO 55819 --- [OnlineMovieTicketBookingPlatform] [main] o.s.b.w.embedded.tomcat.TomcatWebServer  : Tomcat started on port 8080 (http) with context path '/publicissapient'
2024-06-15T22:34:51.503-06:00  INFO 55819 --- [OnlineMovieTicketBookingPlatform] [main] c.c.s.h.reservations.HotelApplication    : Started HotelApplication in 6.02 seconds (process running for 6.403)
2024-06-15T22:34:51.504-06:00  INFO 55819 --- [OnlineMovieTicketBookingPlatform] [main] c.c.s.h.r.c.ReservationGenerator         : BEGIN initial sample reservations...
2024-06-15T22:34:52.016-06:00  INFO 55819 --- [OnlineMovieTicketBookingPlatform] [main] c.c.s.h.r.c.ReservationGenerator         : reservationCreatedAtDB: Reservation(id=4, clientFullName=Jose Said Olano Garcia, roomNumber=100, reservationDates=[2024-06-15, 2024-06-16, 2024-06-17, 2024-06-18])
2024-06-15T22:34:52.392-06:00  INFO 55819 --- [OnlineMovieTicketBookingPlatform] [main] c.c.s.h.r.c.ReservationGenerator         : reservationCreatedAtDB: Reservation(id=5, clientFullName=John Smith, roomNumber=101, reservationDates=[2024-06-15, 2024-07-16, 2024-07-17, 2024-07-18])
2024-06-15T22:34:52.762-06:00  INFO 55819 --- [OnlineMovieTicketBookingPlatform] [main] c.c.s.h.r.c.ReservationGenerator         : reservationCreatedAtDB: Reservation(id=6, clientFullName=Clark Kent, roomNumber=102, reservationDates=[2024-06-15, 2024-06-19, 2025-01-20, 2026-01-21])
2024-06-15T22:34:52.763-06:00  INFO 55819 --- [OnlineMovieTicketBookingPlatform] [main] c.c.s.h.r.c.ReservationGenerator         : END initial sample reservations...
2024-06-15T22:34:53.308-06:00  INFO 55819 --- [OnlineMovieTicketBookingPlatform] [main] c.c.s.h.r.c.ReservationGenerator         : salaCreated2: Sala(id=2, idEvento=2, status=EN_REPARACION, asientosMapa=null)
2024-06-15T22:34:53.697-06:00  INFO 55819 --- [OnlineMovieTicketBookingPlatform] [main] c.c.s.h.r.c.ReservationGenerator         : theatreCreated: Theatre(id=3, name=Cinepolis Galerias, address=Av Vallarta 5091, city=Zapopan, state=Jalisco, country=Mexico, Salas=[Sala(id=0, idEvento=0, status=null, asientosMapa=null), Sala(id=2, idEvento=2, status=EN_REPARACION, asientosMapa=null)])
2024-06-15T22:34:54.069-06:00  INFO 55819 --- [OnlineMovieTicketBookingPlatform] [main] c.c.s.h.r.c.ReservationGenerator         : theatreCreated2: Theatre(id=4, name=Cinepolis Valle Oriente, address=Av Oriente 8529, city=GDL, state=Jalisco, country=Mexico, Salas=[Sala(id=0, idEvento=0, status=null, asientosMapa=null), Sala(id=2, idEvento=2, status=EN_REPARACION, asientosMapa=null)])
2024-06-15T22:34:54.437-06:00  INFO 55819 --- [OnlineMovieTicketBookingPlatform] [main] c.c.s.h.r.c.ReservationGenerator         : salaCreated1: Sala(id=1, idEvento=1, status=ABIERTA, asientosMapa={A1=RESERVED, A2=FREE, A3=RESERVED, A4=FREE})
2024-06-15T22:34:54.910-06:00  INFO 55819 --- [OnlineMovieTicketBookingPlatform] [main] c.c.s.h.r.c.ReservationGenerator         : salaCreated2: Sala(id=2, idEvento=2, status=EN_REPARACION, asientosMapa={A1=FREE, A2=FREE, A3=FREE, A4=RESERVED})
2024-06-15T22:34:55.298-06:00  INFO 55819 --- [OnlineMovieTicketBookingPlatform] [main] c.c.s.h.r.c.ReservationGenerator         : userCreated: User(id=3, name=Said Olano, email=josesaid@gmail.com, cellPhone=33-3252-1153, status=ENABLED)
2024-06-15T22:34:55.955-06:00  INFO 55819 --- [OnlineMovieTicketBookingPlatform] [main] c.c.s.h.r.c.ReservationGenerator         : userCreated2: User(id=4, name=Juana la cubana, email=juana_la_cubana@gmail.com, cellPhone=52-9876-4541, status=DISABLED)
2024-06-15T22:34:56.345-06:00  INFO 55819 --- [OnlineMovieTicketBookingPlatform] [main] c.c.s.h.r.c.ReservationGenerator         : paymentCreated: Payment(id=2, amount=254.65, timestamp=2024-06-15T22:34:55.956127, tipoPago=TARJETA_CREDITO, description=User paid with credit card online, referenceDetails=Citibank_REF1234567890, status=CHARGED)
2024-06-15T22:34:56.735-06:00  INFO 55819 --- [OnlineMovieTicketBookingPlatform] [main] c.c.s.h.r.c.ReservationGenerator         : eventoCreated: Evento(id=2, tipoEvento=PELICULA, nombreEvento=Aquaman 2, horarioInicio=2024-06-16T16:00, horarioFin=2024-06-16T18:00, audioIdiomaEvento=English, subtitulosIdiomaEvento=Spanish, classification=Science fiction, comments=NA)
2024-06-15T22:34:57.117-06:00  INFO 55819 --- [OnlineMovieTicketBookingPlatform] [main] c.c.s.h.r.c.ReservationGenerator         : bookingCreated : Booking(id=2, idTheatre=3, idSala=1, idUsuario=3, idPayment=2, comments=NA, status=CONFIRMED)
2024-06-15T22:35:02.769-06:00  INFO 55819 --- [OnlineMovieTicketBookingPlatform] [http-nio-8080-exec-1] o.a.c.c.C.[.[.[/publicissapient]         : Initializing Spring DispatcherServlet 'dispatcherServlet'
2024-06-15T22:35:02.770-06:00  INFO 55819 --- [OnlineMovieTicketBookingPlatform] [http-nio-8080-exec-1] o.s.web.servlet.DispatcherServlet        : Initializing Servlet 'dispatcherServlet'
2024-06-15T22:35:02.774-06:00  INFO 55819 --- [OnlineMovieTicketBookingPlatform] [http-nio-8080-exec-1] o.s.web.servlet.DispatcherServlet        : Completed initialization in 4 ms
2024-06-15T22:35:02.821-06:00  INFO 55819 --- [OnlineMovieTicketBookingPlatform] [http-nio-8080-exec-1] c.c.s.h.r.service.UserService            : Retrieving all the users
2024-06-15T22:36:02.355-06:00  INFO 55819 --- [OnlineMovieTicketBookingPlatform] [SpringApplicationShutdownHook] j.LocalContainerEntityManagerFactoryBean : Closing JPA EntityManagerFactory for persistence unit 'default'
2024-06-15T22:36:02.358-06:00  INFO 55819 --- [OnlineMovieTicketBookingPlatform] [SpringApplicationShutdownHook] com.zaxxer.hikari.HikariDataSource       : HikariPool-1 - Shutdown initiated...
2024-06-15T22:36:03.302-06:00  INFO 55819 --- [OnlineMovieTicketBookingPlatform] [SpringApplicationShutdownHook] com.zaxxer.hikari.HikariDataSource       : HikariPool-1 - Shutdown completed.
2024-06-15T22:36:06.800-06:00  INFO 56102 --- [OnlineMovieTicketBookingPlatform] [main] c.c.s.h.reservations.HotelApplication    : Starting HotelApplication using Java 21.0.3 with PID 56102 (/Users/josesaidolanogarcia/REPOSITORIOS/OnlineMovieTicketBookingPlatform/target/classes started by josesaidolanogarcia in /Users/josesaidolanogarcia/REPOSITORIOS/OnlineMovieTicketBookingPlatform)
2024-06-15T22:36:06.805-06:00  INFO 56102 --- [OnlineMovieTicketBookingPlatform] [main] c.c.s.h.reservations.HotelApplication    : No active profile set, falling back to 1 default profile: "default"
2024-06-15T22:36:07.451-06:00  INFO 56102 --- [OnlineMovieTicketBookingPlatform] [main] .s.d.r.c.RepositoryConfigurationDelegate : Bootstrapping Spring Data JPA repositories in DEFAULT mode.
2024-06-15T22:36:07.492-06:00  INFO 56102 --- [OnlineMovieTicketBookingPlatform] [main] .s.d.r.c.RepositoryConfigurationDelegate : Finished Spring Data repository scanning in 35 ms. Found 7 JPA repository interfaces.
2024-06-15T22:36:07.889-06:00  INFO 56102 --- [OnlineMovieTicketBookingPlatform] [main] o.s.b.w.embedded.tomcat.TomcatWebServer  : Tomcat initialized with port 8080 (http)
2024-06-15T22:36:07.910-06:00  INFO 56102 --- [OnlineMovieTicketBookingPlatform] [main] o.apache.catalina.core.StandardService   : Starting service [Tomcat]
2024-06-15T22:36:07.910-06:00  INFO 56102 --- [OnlineMovieTicketBookingPlatform] [main] o.apache.catalina.core.StandardEngine    : Starting Servlet engine: [Apache Tomcat/10.1.19]
2024-06-15T22:36:07.949-06:00  INFO 56102 --- [OnlineMovieTicketBookingPlatform] [main] o.a.c.c.C.[.[.[/publicissapient]         : Initializing Spring embedded WebApplicationContext
2024-06-15T22:36:07.949-06:00  INFO 56102 --- [OnlineMovieTicketBookingPlatform] [main] w.s.c.ServletWebServerApplicationContext : Root WebApplicationContext: initialization completed in 1091 ms
2024-06-15T22:36:08.012-06:00  INFO 56102 --- [OnlineMovieTicketBookingPlatform] [main] com.zaxxer.hikari.HikariDataSource       : HikariPool-1 - Starting...
2024-06-15T22:36:09.761-06:00  INFO 56102 --- [OnlineMovieTicketBookingPlatform] [main] com.zaxxer.hikari.pool.HikariPool        : HikariPool-1 - Added connection com.mysql.cj.jdbc.ConnectionImpl@615db358
2024-06-15T22:36:09.765-06:00  INFO 56102 --- [OnlineMovieTicketBookingPlatform] [main] com.zaxxer.hikari.HikariDataSource       : HikariPool-1 - Start completed.
2024-06-15T22:36:09.841-06:00  INFO 56102 --- [OnlineMovieTicketBookingPlatform] [main] o.hibernate.jpa.internal.util.LogHelper  : HHH000204: Processing PersistenceUnitInfo [name: default]
2024-06-15T22:36:09.878-06:00  INFO 56102 --- [OnlineMovieTicketBookingPlatform] [main] org.hibernate.Version                    : HHH000412: Hibernate ORM core version 6.2.22.Final
2024-06-15T22:36:09.880-06:00  INFO 56102 --- [OnlineMovieTicketBookingPlatform] [main] org.hibernate.cfg.Environment            : HHH000406: Using bytecode reflection optimizer
2024-06-15T22:36:10.048-06:00  INFO 56102 --- [OnlineMovieTicketBookingPlatform] [main] o.s.o.j.p.SpringPersistenceUnitInfo      : No LoadTimeWeaver setup: ignoring JPA class transformer
2024-06-15T22:36:10.281-06:00  WARN 56102 --- [OnlineMovieTicketBookingPlatform] [main] org.hibernate.orm.deprecation            : HHH90000025: MySQLDialect does not need to be specified explicitly using 'hibernate.dialect' (remove the property setting and it will be selected by default)
2024-06-15T22:36:10.894-06:00  INFO 56102 --- [OnlineMovieTicketBookingPlatform] [main] o.h.e.t.j.p.i.JtaPlatformInitiator       : HHH000489: No JTA platform available (set 'hibernate.transaction.jta.platform' to enable JTA platform integration)
2024-06-15T22:36:11.211-06:00  INFO 56102 --- [OnlineMovieTicketBookingPlatform] [main] j.LocalContainerEntityManagerFactoryBean : Initialized JPA EntityManagerFactory for persistence unit 'default'
2024-06-15T22:36:11.504-06:00  WARN 56102 --- [OnlineMovieTicketBookingPlatform] [main] JpaBaseConfiguration$JpaWebConfiguration : spring.jpa.open-in-view is enabled by default. Therefore, database queries may be performed during view rendering. Explicitly configure spring.jpa.open-in-view to disable this warning
2024-06-15T22:36:12.475-06:00  INFO 56102 --- [OnlineMovieTicketBookingPlatform] [main] o.s.b.w.embedded.tomcat.TomcatWebServer  : Tomcat started on port 8080 (http) with context path '/publicissapient'
2024-06-15T22:36:12.484-06:00  INFO 56102 --- [OnlineMovieTicketBookingPlatform] [main] c.c.s.h.reservations.HotelApplication    : Started HotelApplication in 6.114 seconds (process running for 6.512)
2024-06-15T22:36:12.486-06:00  INFO 56102 --- [OnlineMovieTicketBookingPlatform] [main] c.c.s.h.r.c.ReservationGenerator         : BEGIN initial sample reservations...
2024-06-15T22:36:12.997-06:00  INFO 56102 --- [OnlineMovieTicketBookingPlatform] [main] c.c.s.h.r.c.ReservationGenerator         : reservationCreatedAtDB: Reservation(id=7, clientFullName=Jose Said Olano Garcia, roomNumber=100, reservationDates=[2024-06-15, 2024-06-16, 2024-06-17, 2024-06-18])
2024-06-15T22:36:13.377-06:00  INFO 56102 --- [OnlineMovieTicketBookingPlatform] [main] c.c.s.h.r.c.ReservationGenerator         : reservationCreatedAtDB: Reservation(id=8, clientFullName=John Smith, roomNumber=101, reservationDates=[2024-06-15, 2024-07-16, 2024-07-17, 2024-07-18])
2024-06-15T22:36:13.752-06:00  INFO 56102 --- [OnlineMovieTicketBookingPlatform] [main] c.c.s.h.r.c.ReservationGenerator         : reservationCreatedAtDB: Reservation(id=9, clientFullName=Clark Kent, roomNumber=102, reservationDates=[2024-06-15, 2024-06-19, 2025-01-20, 2026-01-21])
2024-06-15T22:36:13.753-06:00  INFO 56102 --- [OnlineMovieTicketBookingPlatform] [main] c.c.s.h.r.c.ReservationGenerator         : END initial sample reservations...
2024-06-15T22:36:14.266-06:00  INFO 56102 --- [OnlineMovieTicketBookingPlatform] [main] c.c.s.h.r.c.ReservationGenerator         : salaCreated2: Sala(id=2, idEvento=2, status=EN_REPARACION, asientosMapa=null)
2024-06-15T22:36:14.679-06:00  INFO 56102 --- [OnlineMovieTicketBookingPlatform] [main] c.c.s.h.r.c.ReservationGenerator         : theatreCreated: Theatre(id=5, name=Cinepolis Galerias, address=Av Vallarta 5091, city=Zapopan, state=Jalisco, country=Mexico, Salas=[Sala(id=0, idEvento=0, status=null, asientosMapa=null), Sala(id=2, idEvento=2, status=EN_REPARACION, asientosMapa=null)])
2024-06-15T22:36:15.056-06:00  INFO 56102 --- [OnlineMovieTicketBookingPlatform] [main] c.c.s.h.r.c.ReservationGenerator         : theatreCreated2: Theatre(id=6, name=Cinepolis Valle Oriente, address=Av Oriente 8529, city=GDL, state=Jalisco, country=Mexico, Salas=[Sala(id=0, idEvento=0, status=null, asientosMapa=null), Sala(id=2, idEvento=2, status=EN_REPARACION, asientosMapa=null)])
2024-06-15T22:36:15.432-06:00  INFO 56102 --- [OnlineMovieTicketBookingPlatform] [main] c.c.s.h.r.c.ReservationGenerator         : salaCreated1: Sala(id=1, idEvento=1, status=ABIERTA, asientosMapa={A1=RESERVED, A2=FREE, A3=RESERVED, A4=FREE})
2024-06-15T22:36:15.902-06:00  INFO 56102 --- [OnlineMovieTicketBookingPlatform] [main] c.c.s.h.r.c.ReservationGenerator         : salaCreated2: Sala(id=2, idEvento=2, status=EN_REPARACION, asientosMapa={A1=FREE, A2=FREE, A3=FREE, A4=RESERVED})
2024-06-15T22:36:16.278-06:00  INFO 56102 --- [OnlineMovieTicketBookingPlatform] [main] c.c.s.h.r.c.ReservationGenerator         : userCreated: User(id=5, name=Said Olano, email=josesaid@gmail.com, cellPhone=33-3252-1153, status=ENABLED)
2024-06-15T22:36:16.801-06:00  INFO 56102 --- [OnlineMovieTicketBookingPlatform] [http-nio-8080-exec-2] o.a.c.c.C.[.[.[/publicissapient]         : Initializing Spring DispatcherServlet 'dispatcherServlet'
2024-06-15T22:36:16.802-06:00  INFO 56102 --- [OnlineMovieTicketBookingPlatform] [http-nio-8080-exec-2] o.s.web.servlet.DispatcherServlet        : Initializing Servlet 'dispatcherServlet'
2024-06-15T22:36:16.805-06:00  INFO 56102 --- [OnlineMovieTicketBookingPlatform] [http-nio-8080-exec-2] o.s.web.servlet.DispatcherServlet        : Completed initialization in 3 ms
2024-06-15T22:36:16.944-06:00  INFO 56102 --- [OnlineMovieTicketBookingPlatform] [main] c.c.s.h.r.c.ReservationGenerator         : userCreated2: User(id=6, name=Juana la cubana, email=juana_la_cubana@gmail.com, cellPhone=52-9876-4541, status=DISABLED)
2024-06-15T22:36:17.322-06:00  INFO 56102 --- [OnlineMovieTicketBookingPlatform] [main] c.c.s.h.r.c.ReservationGenerator         : paymentCreated: Payment(id=3, amount=254.65, timestamp=2024-06-15T22:36:16.944313, tipoPago=TARJETA_CREDITO, description=User paid with credit card online, referenceDetails=Citibank_REF1234567890, status=CHARGED)
2024-06-15T22:36:17.704-06:00  INFO 56102 --- [OnlineMovieTicketBookingPlatform] [main] c.c.s.h.r.c.ReservationGenerator         : eventoCreated: Evento(id=3, tipoEvento=PELICULA, nombreEvento=Aquaman 2, horarioInicio=2024-06-16T16:00, horarioFin=2024-06-16T18:00, audioIdiomaEvento=English, subtitulosIdiomaEvento=Spanish, classification=Science fiction, comments=NA)
2024-06-15T22:36:18.081-06:00  INFO 56102 --- [OnlineMovieTicketBookingPlatform] [main] c.c.s.h.r.c.ReservationGenerator         : bookingCreated : Booking(id=3, idTheatre=5, idSala=1, idUsuario=5, idPayment=3, comments=NA, status=CONFIRMED)
2024-06-15T22:37:14.236-06:00  INFO 56102 --- [OnlineMovieTicketBookingPlatform] [SpringApplicationShutdownHook] j.LocalContainerEntityManagerFactoryBean : Closing JPA EntityManagerFactory for persistence unit 'default'
2024-06-15T22:37:14.240-06:00  INFO 56102 --- [OnlineMovieTicketBookingPlatform] [SpringApplicationShutdownHook] com.zaxxer.hikari.HikariDataSource       : HikariPool-1 - Shutdown initiated...
2024-06-15T22:37:15.183-06:00  INFO 56102 --- [OnlineMovieTicketBookingPlatform] [SpringApplicationShutdownHook] com.zaxxer.hikari.HikariDataSource       : HikariPool-1 - Shutdown completed.
2024-06-15T22:37:17.078-06:00  INFO 56330 --- [OnlineMovieTicketBookingPlatform] [main] c.c.s.h.reservations.HotelApplication    : Starting HotelApplication using Java 21.0.3 with PID 56330 (/Users/josesaidolanogarcia/REPOSITORIOS/OnlineMovieTicketBookingPlatform/target/classes started by josesaidolanogarcia in /Users/josesaidolanogarcia/REPOSITORIOS/OnlineMovieTicketBookingPlatform)
2024-06-15T22:37:17.080-06:00  INFO 56330 --- [OnlineMovieTicketBookingPlatform] [main] c.c.s.h.reservations.HotelApplication    : No active profile set, falling back to 1 default profile: "default"
2024-06-15T22:37:17.905-06:00  INFO 56330 --- [OnlineMovieTicketBookingPlatform] [main] .s.d.r.c.RepositoryConfigurationDelegate : Bootstrapping Spring Data JPA repositories in DEFAULT mode.
2024-06-15T22:37:17.943-06:00  INFO 56330 --- [OnlineMovieTicketBookingPlatform] [main] .s.d.r.c.RepositoryConfigurationDelegate : Finished Spring Data repository scanning in 34 ms. Found 7 JPA repository interfaces.
2024-06-15T22:37:18.403-06:00  INFO 56330 --- [OnlineMovieTicketBookingPlatform] [main] o.s.b.w.embedded.tomcat.TomcatWebServer  : Tomcat initialized with port 8080 (http)
2024-06-15T22:37:18.412-06:00  INFO 56330 --- [OnlineMovieTicketBookingPlatform] [main] o.apache.catalina.core.StandardService   : Starting service [Tomcat]
2024-06-15T22:37:18.412-06:00  INFO 56330 --- [OnlineMovieTicketBookingPlatform] [main] o.apache.catalina.core.StandardEngine    : Starting Servlet engine: [Apache Tomcat/10.1.19]
2024-06-15T22:37:18.453-06:00  INFO 56330 --- [OnlineMovieTicketBookingPlatform] [main] a.c.c.C.[.[.[/publicissapient/cinemaXYZ] : Initializing Spring embedded WebApplicationContext
2024-06-15T22:37:18.454-06:00  INFO 56330 --- [OnlineMovieTicketBookingPlatform] [main] w.s.c.ServletWebServerApplicationContext : Root WebApplicationContext: initialization completed in 1309 ms
2024-06-15T22:37:18.513-06:00  INFO 56330 --- [OnlineMovieTicketBookingPlatform] [main] com.zaxxer.hikari.HikariDataSource       : HikariPool-1 - Starting...
2024-06-15T22:37:20.256-06:00  INFO 56330 --- [OnlineMovieTicketBookingPlatform] [main] com.zaxxer.hikari.pool.HikariPool        : HikariPool-1 - Added connection com.mysql.cj.jdbc.ConnectionImpl@5438fa43
2024-06-15T22:37:20.260-06:00  INFO 56330 --- [OnlineMovieTicketBookingPlatform] [main] com.zaxxer.hikari.HikariDataSource       : HikariPool-1 - Start completed.
2024-06-15T22:37:20.336-06:00  INFO 56330 --- [OnlineMovieTicketBookingPlatform] [main] o.hibernate.jpa.internal.util.LogHelper  : HHH000204: Processing PersistenceUnitInfo [name: default]
2024-06-15T22:37:20.367-06:00  INFO 56330 --- [OnlineMovieTicketBookingPlatform] [main] org.hibernate.Version                    : HHH000412: Hibernate ORM core version 6.2.22.Final
2024-06-15T22:37:20.368-06:00  INFO 56330 --- [OnlineMovieTicketBookingPlatform] [main] org.hibernate.cfg.Environment            : HHH000406: Using bytecode reflection optimizer
2024-06-15T22:37:20.527-06:00  INFO 56330 --- [OnlineMovieTicketBookingPlatform] [main] o.s.o.j.p.SpringPersistenceUnitInfo      : No LoadTimeWeaver setup: ignoring JPA class transformer
2024-06-15T22:37:20.755-06:00  WARN 56330 --- [OnlineMovieTicketBookingPlatform] [main] org.hibernate.orm.deprecation            : HHH90000025: MySQLDialect does not need to be specified explicitly using 'hibernate.dialect' (remove the property setting and it will be selected by default)
2024-06-15T22:37:21.343-06:00  INFO 56330 --- [OnlineMovieTicketBookingPlatform] [main] o.h.e.t.j.p.i.JtaPlatformInitiator       : HHH000489: No JTA platform available (set 'hibernate.transaction.jta.platform' to enable JTA platform integration)
2024-06-15T22:37:21.646-06:00  INFO 56330 --- [OnlineMovieTicketBookingPlatform] [main] j.LocalContainerEntityManagerFactoryBean : Initialized JPA EntityManagerFactory for persistence unit 'default'
2024-06-15T22:37:21.916-06:00  WARN 56330 --- [OnlineMovieTicketBookingPlatform] [main] JpaBaseConfiguration$JpaWebConfiguration : spring.jpa.open-in-view is enabled by default. Therefore, database queries may be performed during view rendering. Explicitly configure spring.jpa.open-in-view to disable this warning
2024-06-15T22:37:22.866-06:00  INFO 56330 --- [OnlineMovieTicketBookingPlatform] [main] o.s.b.w.embedded.tomcat.TomcatWebServer  : Tomcat started on port 8080 (http) with context path '/publicissapient/cinemaXYZ'
2024-06-15T22:37:22.875-06:00  INFO 56330 --- [OnlineMovieTicketBookingPlatform] [main] c.c.s.h.reservations.HotelApplication    : Started HotelApplication in 6.431 seconds (process running for 6.82)
2024-06-15T22:37:22.877-06:00  INFO 56330 --- [OnlineMovieTicketBookingPlatform] [main] c.c.s.h.r.c.ReservationGenerator         : BEGIN initial sample reservations...
2024-06-15T22:37:23.381-06:00  INFO 56330 --- [OnlineMovieTicketBookingPlatform] [main] c.c.s.h.r.c.ReservationGenerator         : reservationCreatedAtDB: Reservation(id=10, clientFullName=Jose Said Olano Garcia, roomNumber=100, reservationDates=[2024-06-15, 2024-06-16, 2024-06-17, 2024-06-18])
2024-06-15T22:37:23.751-06:00  INFO 56330 --- [OnlineMovieTicketBookingPlatform] [main] c.c.s.h.r.c.ReservationGenerator         : reservationCreatedAtDB: Reservation(id=11, clientFullName=John Smith, roomNumber=101, reservationDates=[2024-06-15, 2024-07-16, 2024-07-17, 2024-07-18])
2024-06-15T22:37:24.125-06:00  INFO 56330 --- [OnlineMovieTicketBookingPlatform] [main] c.c.s.h.r.c.ReservationGenerator         : reservationCreatedAtDB: Reservation(id=12, clientFullName=Clark Kent, roomNumber=102, reservationDates=[2024-06-15, 2024-06-19, 2025-01-20, 2026-01-21])
2024-06-15T22:37:24.126-06:00  INFO 56330 --- [OnlineMovieTicketBookingPlatform] [main] c.c.s.h.r.c.ReservationGenerator         : END initial sample reservations...
2024-06-15T22:37:24.647-06:00  INFO 56330 --- [OnlineMovieTicketBookingPlatform] [main] c.c.s.h.r.c.ReservationGenerator         : salaCreated2: Sala(id=2, idEvento=2, status=EN_REPARACION, asientosMapa=null)
2024-06-15T22:37:25.040-06:00  INFO 56330 --- [OnlineMovieTicketBookingPlatform] [main] c.c.s.h.r.c.ReservationGenerator         : theatreCreated: Theatre(id=7, name=Cinepolis Galerias, address=Av Vallarta 5091, city=Zapopan, state=Jalisco, country=Mexico, Salas=[Sala(id=0, idEvento=0, status=null, asientosMapa=null), Sala(id=2, idEvento=2, status=EN_REPARACION, asientosMapa=null)])
2024-06-15T22:37:25.408-06:00  INFO 56330 --- [OnlineMovieTicketBookingPlatform] [main] c.c.s.h.r.c.ReservationGenerator         : theatreCreated2: Theatre(id=8, name=Cinepolis Valle Oriente, address=Av Oriente 8529, city=GDL, state=Jalisco, country=Mexico, Salas=[Sala(id=0, idEvento=0, status=null, asientosMapa=null), Sala(id=2, idEvento=2, status=EN_REPARACION, asientosMapa=null)])
2024-06-15T22:37:25.878-06:00  INFO 56330 --- [OnlineMovieTicketBookingPlatform] [main] c.c.s.h.r.c.ReservationGenerator         : salaCreated1: Sala(id=1, idEvento=1, status=ABIERTA, asientosMapa={A1=RESERVED, A2=FREE, A3=RESERVED, A4=FREE})
2024-06-15T22:37:26.341-06:00  INFO 56330 --- [OnlineMovieTicketBookingPlatform] [main] c.c.s.h.r.c.ReservationGenerator         : salaCreated2: Sala(id=2, idEvento=2, status=EN_REPARACION, asientosMapa={A1=FREE, A2=FREE, A3=FREE, A4=RESERVED})
2024-06-15T22:37:26.734-06:00  INFO 56330 --- [OnlineMovieTicketBookingPlatform] [main] c.c.s.h.r.c.ReservationGenerator         : userCreated: User(id=7, name=Said Olano, email=josesaid@gmail.com, cellPhone=33-3252-1153, status=ENABLED)
2024-06-15T22:37:27.104-06:00  INFO 56330 --- [OnlineMovieTicketBookingPlatform] [main] c.c.s.h.r.c.ReservationGenerator         : userCreated2: User(id=8, name=Juana la cubana, email=juana_la_cubana@gmail.com, cellPhone=52-9876-4541, status=DISABLED)
2024-06-15T22:37:27.435-06:00  INFO 56330 --- [OnlineMovieTicketBookingPlatform] [http-nio-8080-exec-2] a.c.c.C.[.[.[/publicissapient/cinemaXYZ] : Initializing Spring DispatcherServlet 'dispatcherServlet'
2024-06-15T22:37:27.436-06:00  INFO 56330 --- [OnlineMovieTicketBookingPlatform] [http-nio-8080-exec-2] o.s.web.servlet.DispatcherServlet        : Initializing Servlet 'dispatcherServlet'
2024-06-15T22:37:27.438-06:00  INFO 56330 --- [OnlineMovieTicketBookingPlatform] [http-nio-8080-exec-2] o.s.web.servlet.DispatcherServlet        : Completed initialization in 2 ms
2024-06-15T22:37:27.490-06:00  INFO 56330 --- [OnlineMovieTicketBookingPlatform] [main] c.c.s.h.r.c.ReservationGenerator         : paymentCreated: Payment(id=4, amount=254.65, timestamp=2024-06-15T22:37:27.105370, tipoPago=TARJETA_CREDITO, description=User paid with credit card online, referenceDetails=Citibank_REF1234567890, status=CHARGED)
2024-06-15T22:37:27.859-06:00  INFO 56330 --- [OnlineMovieTicketBookingPlatform] [main] c.c.s.h.r.c.ReservationGenerator         : eventoCreated: Evento(id=4, tipoEvento=PELICULA, nombreEvento=Aquaman 2, horarioInicio=2024-06-16T16:00, horarioFin=2024-06-16T18:00, audioIdiomaEvento=English, subtitulosIdiomaEvento=Spanish, classification=Science fiction, comments=NA)
2024-06-15T22:37:28.233-06:00  INFO 56330 --- [OnlineMovieTicketBookingPlatform] [main] c.c.s.h.r.c.ReservationGenerator         : bookingCreated : Booking(id=4, idTheatre=7, idSala=1, idUsuario=7, idPayment=4, comments=NA, status=CONFIRMED)
2024-06-15T22:38:01.198-06:00  INFO 56330 --- [OnlineMovieTicketBookingPlatform] [http-nio-8080-exec-7] c.c.s.h.r.service.UserService            : Retrieving all the users
2024-06-15T22:38:10.105-06:00  INFO 56330 --- [OnlineMovieTicketBookingPlatform] [SpringApplicationShutdownHook] j.LocalContainerEntityManagerFactoryBean : Closing JPA EntityManagerFactory for persistence unit 'default'
2024-06-15T22:38:10.109-06:00  INFO 56330 --- [OnlineMovieTicketBookingPlatform] [SpringApplicationShutdownHook] com.zaxxer.hikari.HikariDataSource       : HikariPool-1 - Shutdown initiated...
2024-06-15T22:38:11.350-06:00  INFO 56330 --- [OnlineMovieTicketBookingPlatform] [SpringApplicationShutdownHook] com.zaxxer.hikari.HikariDataSource       : HikariPool-1 - Shutdown completed.
2024-06-15T22:38:13.980-06:00  INFO 56517 --- [OnlineMovieTicketBookingPlatform] [main] c.c.s.h.reservations.HotelApplication    : Starting HotelApplication using Java 21.0.3 with PID 56517 (/Users/josesaidolanogarcia/REPOSITORIOS/OnlineMovieTicketBookingPlatform/target/classes started by josesaidolanogarcia in /Users/josesaidolanogarcia/REPOSITORIOS/OnlineMovieTicketBookingPlatform)
2024-06-15T22:38:13.982-06:00  INFO 56517 --- [OnlineMovieTicketBookingPlatform] [main] c.c.s.h.reservations.HotelApplication    : No active profile set, falling back to 1 default profile: "default"
2024-06-15T22:38:14.624-06:00  INFO 56517 --- [OnlineMovieTicketBookingPlatform] [main] .s.d.r.c.RepositoryConfigurationDelegate : Bootstrapping Spring Data JPA repositories in DEFAULT mode.
2024-06-15T22:38:14.662-06:00  INFO 56517 --- [OnlineMovieTicketBookingPlatform] [main] .s.d.r.c.RepositoryConfigurationDelegate : Finished Spring Data repository scanning in 33 ms. Found 7 JPA repository interfaces.
2024-06-15T22:38:15.049-06:00  INFO 56517 --- [OnlineMovieTicketBookingPlatform] [main] o.s.b.w.embedded.tomcat.TomcatWebServer  : Tomcat initialized with port 8080 (http)
2024-06-15T22:38:15.057-06:00  INFO 56517 --- [OnlineMovieTicketBookingPlatform] [main] o.apache.catalina.core.StandardService   : Starting service [Tomcat]
2024-06-15T22:38:15.058-06:00  INFO 56517 --- [OnlineMovieTicketBookingPlatform] [main] o.apache.catalina.core.StandardEngine    : Starting Servlet engine: [Apache Tomcat/10.1.19]
2024-06-15T22:38:15.097-06:00  INFO 56517 --- [OnlineMovieTicketBookingPlatform] [main] a.c.c.C.[.[.[/publicissapient/cinemaXYZ] : Initializing Spring embedded WebApplicationContext
2024-06-15T22:38:15.097-06:00  INFO 56517 --- [OnlineMovieTicketBookingPlatform] [main] w.s.c.ServletWebServerApplicationContext : Root WebApplicationContext: initialization completed in 1067 ms
2024-06-15T22:38:15.169-06:00  INFO 56517 --- [OnlineMovieTicketBookingPlatform] [main] com.zaxxer.hikari.HikariDataSource       : HikariPool-1 - Starting...
2024-06-15T22:38:16.621-06:00  INFO 56517 --- [OnlineMovieTicketBookingPlatform] [main] com.zaxxer.hikari.pool.HikariPool        : HikariPool-1 - Added connection com.mysql.cj.jdbc.ConnectionImpl@7e7740a5
2024-06-15T22:38:16.624-06:00  INFO 56517 --- [OnlineMovieTicketBookingPlatform] [main] com.zaxxer.hikari.HikariDataSource       : HikariPool-1 - Start completed.
2024-06-15T22:38:16.697-06:00  INFO 56517 --- [OnlineMovieTicketBookingPlatform] [main] o.hibernate.jpa.internal.util.LogHelper  : HHH000204: Processing PersistenceUnitInfo [name: default]
2024-06-15T22:38:16.728-06:00  INFO 56517 --- [OnlineMovieTicketBookingPlatform] [main] org.hibernate.Version                    : HHH000412: Hibernate ORM core version 6.2.22.Final
2024-06-15T22:38:16.729-06:00  INFO 56517 --- [OnlineMovieTicketBookingPlatform] [main] org.hibernate.cfg.Environment            : HHH000406: Using bytecode reflection optimizer
2024-06-15T22:38:16.896-06:00  INFO 56517 --- [OnlineMovieTicketBookingPlatform] [main] o.s.o.j.p.SpringPersistenceUnitInfo      : No LoadTimeWeaver setup: ignoring JPA class transformer
2024-06-15T22:38:17.123-06:00  WARN 56517 --- [OnlineMovieTicketBookingPlatform] [main] org.hibernate.orm.deprecation            : HHH90000025: MySQLDialect does not need to be specified explicitly using 'hibernate.dialect' (remove the property setting and it will be selected by default)
2024-06-15T22:38:17.746-06:00  INFO 56517 --- [OnlineMovieTicketBookingPlatform] [main] o.h.e.t.j.p.i.JtaPlatformInitiator       : HHH000489: No JTA platform available (set 'hibernate.transaction.jta.platform' to enable JTA platform integration)
2024-06-15T22:38:18.051-06:00  INFO 56517 --- [OnlineMovieTicketBookingPlatform] [main] j.LocalContainerEntityManagerFactoryBean : Initialized JPA EntityManagerFactory for persistence unit 'default'
2024-06-15T22:38:18.328-06:00  WARN 56517 --- [OnlineMovieTicketBookingPlatform] [main] JpaBaseConfiguration$JpaWebConfiguration : spring.jpa.open-in-view is enabled by default. Therefore, database queries may be performed during view rendering. Explicitly configure spring.jpa.open-in-view to disable this warning
2024-06-15T22:38:19.298-06:00  INFO 56517 --- [OnlineMovieTicketBookingPlatform] [main] o.s.b.w.embedded.tomcat.TomcatWebServer  : Tomcat started on port 8080 (http) with context path '/publicissapient/cinemaXYZ'
2024-06-15T22:38:19.310-06:00  INFO 56517 --- [OnlineMovieTicketBookingPlatform] [main] c.c.s.h.reservations.HotelApplication    : Started HotelApplication in 5.778 seconds (process running for 6.127)
2024-06-15T22:38:19.312-06:00  INFO 56517 --- [OnlineMovieTicketBookingPlatform] [main] c.c.s.h.r.c.ReservationGenerator         : BEGIN initial sample reservations...
2024-06-15T22:38:19.820-06:00  INFO 56517 --- [OnlineMovieTicketBookingPlatform] [main] c.c.s.h.r.c.ReservationGenerator         : reservationCreatedAtDB: Reservation(id=13, clientFullName=Jose Said Olano Garcia, roomNumber=100, reservationDates=[2024-06-15, 2024-06-16, 2024-06-17, 2024-06-18])
2024-06-15T22:38:20.189-06:00  INFO 56517 --- [OnlineMovieTicketBookingPlatform] [main] c.c.s.h.r.c.ReservationGenerator         : reservationCreatedAtDB: Reservation(id=14, clientFullName=John Smith, roomNumber=101, reservationDates=[2024-06-15, 2024-07-16, 2024-07-17, 2024-07-18])
2024-06-15T22:38:20.551-06:00  INFO 56517 --- [OnlineMovieTicketBookingPlatform] [main] c.c.s.h.r.c.ReservationGenerator         : reservationCreatedAtDB: Reservation(id=15, clientFullName=Clark Kent, roomNumber=102, reservationDates=[2024-06-15, 2024-06-19, 2025-01-20, 2026-01-21])
2024-06-15T22:38:20.552-06:00  INFO 56517 --- [OnlineMovieTicketBookingPlatform] [main] c.c.s.h.r.c.ReservationGenerator         : END initial sample reservations...
2024-06-15T22:38:21.063-06:00  INFO 56517 --- [OnlineMovieTicketBookingPlatform] [main] c.c.s.h.r.c.ReservationGenerator         : salaCreated2: Sala(id=2, idEvento=2, status=EN_REPARACION, asientosMapa=null)
2024-06-15T22:38:21.458-06:00  INFO 56517 --- [OnlineMovieTicketBookingPlatform] [main] c.c.s.h.r.c.ReservationGenerator         : theatreCreated: Theatre(id=9, name=Cinepolis Galerias, address=Av Vallarta 5091, city=Zapopan, state=Jalisco, country=Mexico, Salas=[Sala(id=0, idEvento=0, status=null, asientosMapa=null), Sala(id=2, idEvento=2, status=EN_REPARACION, asientosMapa=null)])
2024-06-15T22:38:21.821-06:00  INFO 56517 --- [OnlineMovieTicketBookingPlatform] [main] c.c.s.h.r.c.ReservationGenerator         : theatreCreated2: Theatre(id=10, name=Cinepolis Valle Oriente, address=Av Oriente 8529, city=GDL, state=Jalisco, country=Mexico, Salas=[Sala(id=0, idEvento=0, status=null, asientosMapa=null), Sala(id=2, idEvento=2, status=EN_REPARACION, asientosMapa=null)])
2024-06-15T22:38:22.194-06:00  INFO 56517 --- [OnlineMovieTicketBookingPlatform] [main] c.c.s.h.r.c.ReservationGenerator         : salaCreated1: Sala(id=1, idEvento=1, status=ABIERTA, asientosMapa={A1=RESERVED, A2=FREE, A3=RESERVED, A4=FREE})
2024-06-15T22:38:22.671-06:00  INFO 56517 --- [OnlineMovieTicketBookingPlatform] [main] c.c.s.h.r.c.ReservationGenerator         : salaCreated2: Sala(id=2, idEvento=2, status=EN_REPARACION, asientosMapa={A1=FREE, A2=FREE, A3=FREE, A4=RESERVED})
2024-06-15T22:38:23.049-06:00  INFO 56517 --- [OnlineMovieTicketBookingPlatform] [main] c.c.s.h.r.c.ReservationGenerator         : userCreated: User(id=9, name=Said Olano, email=josesaid@gmail.com, cellPhone=33-3252-1153, status=ENABLED)
2024-06-15T22:38:23.418-06:00  INFO 56517 --- [OnlineMovieTicketBookingPlatform] [main] c.c.s.h.r.c.ReservationGenerator         : userCreated2: User(id=10, name=Juana la cubana, email=juana_la_cubana@gmail.com, cellPhone=52-9876-4541, status=DISABLED)
2024-06-15T22:38:23.806-06:00  INFO 56517 --- [OnlineMovieTicketBookingPlatform] [main] c.c.s.h.r.c.ReservationGenerator         : paymentCreated: Payment(id=5, amount=254.65, timestamp=2024-06-15T22:38:23.419107, tipoPago=TARJETA_CREDITO, description=User paid with credit card online, referenceDetails=Citibank_REF1234567890, status=CHARGED)
2024-06-15T22:38:24.186-06:00  INFO 56517 --- [OnlineMovieTicketBookingPlatform] [main] c.c.s.h.r.c.ReservationGenerator         : eventoCreated: Evento(id=5, tipoEvento=PELICULA, nombreEvento=Aquaman 2, horarioInicio=2024-06-16T16:00, horarioFin=2024-06-16T18:00, audioIdiomaEvento=English, subtitulosIdiomaEvento=Spanish, classification=Science fiction, comments=NA)
2024-06-15T22:38:24.566-06:00  INFO 56517 --- [OnlineMovieTicketBookingPlatform] [main] c.c.s.h.r.c.ReservationGenerator         : bookingCreated : Booking(id=5, idTheatre=9, idSala=1, idUsuario=9, idPayment=5, comments=NA, status=CONFIRMED)
2024-06-15T22:38:25.444-06:00  INFO 56517 --- [OnlineMovieTicketBookingPlatform] [http-nio-8080-exec-1] a.c.c.C.[.[.[/publicissapient/cinemaXYZ] : Initializing Spring DispatcherServlet 'dispatcherServlet'
2024-06-15T22:38:25.444-06:00  INFO 56517 --- [OnlineMovieTicketBookingPlatform] [http-nio-8080-exec-1] o.s.web.servlet.DispatcherServlet        : Initializing Servlet 'dispatcherServlet'
2024-06-15T22:38:25.448-06:00  INFO 56517 --- [OnlineMovieTicketBookingPlatform] [http-nio-8080-exec-1] o.s.web.servlet.DispatcherServlet        : Completed initialization in 3 ms
2024-06-15T22:38:25.483-06:00  INFO 56517 --- [OnlineMovieTicketBookingPlatform] [http-nio-8080-exec-1] c.c.s.h.r.service.UserService            : Retrieving all the users
